Xilinx Platform Studio (XPS)
Xilinx EDK 14.1 Build EDK_P.15xf
Copyright (c) 1995-2012 Xilinx, Inc.  All rights reserved.

Writing filter settings....
Done writing filter settings to:
	C:\Users\aluqu\Desktop\uni\SE\practica04\etc\practica04.filters
Done writing Tab View settings to:
	C:\Users\aluqu\Desktop\uni\SE\practica04\etc\practica04.gui
Writing filter settings....
Done writing filter settings to:
	C:\Users\aluqu\Desktop\uni\SE\practica04\etc\practica04.filters
Done writing Tab View settings to:
	C:\Users\aluqu\Desktop\uni\SE\practica04\etc\practica04.gui
Writing filter settings....
Done writing filter settings to:
	C:\Users\aluqu\Desktop\uni\SE\practica04\etc\practica04.filters
Done writing Tab View settings to:
	C:\Users\aluqu\Desktop\uni\SE\practica04\etc\practica04.gui
Writing filter settings....
Done writing filter settings to:
	C:\Users\aluqu\Desktop\uni\SE\practica04\etc\practica04.filters
Done writing Tab View settings to:
	C:\Users\aluqu\Desktop\uni\SE\practica04\etc\practica04.gui
