Xilinx Platform Studio (XPS)
Xilinx EDK 14.1 Build EDK_P.15xf
Copyright (c) 1995-2012 Xilinx, Inc.  All rights reserved.


********************************************************************************
At Local date and time: Mon Jan 22 19:07:04 2024
 make -f practica05.make exporttosdk started...
make: Nothing to be done for `exporttosdk'.
Done!

********************************************************************************
At Local date and time: Mon Jan 22 19:07:04 2024
 xsdk.exe -hwspec C:\Users\aluqu\Desktop\uni\SE\practica05\SDK\SDK_Export\hw\practica05.xml started...
Xilinx Software Development Kit
Xilinx EDK 14.1 Build EDK_P.15xf
Copyright (c) 1995-2010 Xilinx, Inc.  All rights reserved.
Done!
Writing filter settings....
Done writing filter settings to:
	C:\Users\aluqu\Desktop\uni\SE\practica05\etc\practica05.filters
Done writing Tab View settings to:
	C:\Users\aluqu\Desktop\uni\SE\practica05\etc\practica05.gui
Xilinx Platform Studio (XPS)
Xilinx EDK 14.1 Build EDK_P.15xf
Copyright (c) 1995-2012 Xilinx, Inc.  All rights reserved.

Overriding Xilinx file <TextEditor.cfg> with local file <C:/Xilinx/14.1/ISE_DS/EDK/data/TextEditor.cfg>
Writing filter settings....
Done writing filter settings to:
	C:\Users\aluqu\Desktop\uni\SE\practica05\etc\practica05.filters
Done writing Tab View settings to:
	C:\Users\aluqu\Desktop\uni\SE\practica05\etc\practica05.gui
